2025-08-03 02:16:32,620 |INFO| Starting marked options processing for batch BATCH018
2025-08-03 02:16:32,620 |INFO| Detecting marked options...
2025-08-03 02:16:32,620 |INFO| Starting marked options detection...
2025-08-03 02:16:32,621 |INFO| Mapped JSON path: P:\PROJECTS\OMR\Restructure\Images\HSOMR\31072025\Output\BATCH018\annotate_BATCH018\field_mappings.json
2025-08-03 02:16:32,621 |INFO| Processed images folder: P:\PROJECTS\OMR\Restructure\Images\HSOMR\31072025\Output\BATCH018\raw_BATCH018
2025-08-03 02:16:32,622 |INFO| Loaded key fields: ['key0', 'key1', 'key2']
2025-08-03 02:16:32,622 |INFO| Digit counts: {'key0': 10, 'key1': 10, 'key2': 9}
2025-08-03 02:16:32,663 |INFO| Processed: BATCH015001.jpg
2025-08-03 02:16:32,768 |INFO| Processed: BATCH015002.jpg
2025-08-03 02:16:32,806 |INFO| Processed: BATCH015003.jpg
2025-08-03 02:16:32,807 |INFO| Summary JSON saved to: P:\PROJECTS\OMR\Restructure\Images\HSOMR\31072025\Output\BATCH018\options_BATCH018\summary.json
2025-08-03 02:16:32,807 |INFO| Flat mapping JSON saved to: P:\PROJECTS\OMR\Restructure\Images\HSOMR\31072025\Output\BATCH018\options_BATCH018\marked_options.json
2025-08-03 02:16:32,807 |INFO| Marked options detection completed.
2025-08-03 02:16:32,808 |INFO| Cleaning and exporting summary...
2025-08-03 02:16:32,808 |INFO| Cleaning and exporting summary...
2025-08-03 02:16:32,808 |INFO| Marked options path: P:\PROJECTS\OMR\Restructure\Images\HSOMR\31072025\Output\BATCH018\options_BATCH018\marked_options.json
2025-08-03 02:16:32,810 |INFO| Digit counts: {'key0': 10, 'key1': 10, 'key2': 9}
2025-08-03 02:16:32,811 |INFO| Cleaned summary saved to: P:\PROJECTS\OMR\Restructure\Images\HSOMR\31072025\Output\BATCH018\options_BATCH018\summary.json
2025-08-03 02:16:32,812 |INFO| Summary CSV saved to: P:\PROJECTS\OMR\Restructure\Images\HSOMR\31072025\Output\BATCH018\options_BATCH018\summary.csv
2025-08-03 02:16:32,812 |INFO| Exporting verification CSV...
2025-08-03 02:16:32,816 |INFO| Evaluating edge cases...
2025-08-03 02:16:32,817 |INFO| Evaluating edge cases...
2025-08-03 02:16:32,817 |INFO| Verification CSV path: P:\PROJECTS\OMR\Restructure\Images\HSOMR\31072025\Output\BATCH018\options_BATCH018\verification.csv
2025-08-03 02:16:32,846 |INFO| Detected question IDs: ['1', '2', '3', '4', '5', '6', '7', '8', '9', '10', '11', '12', '13', '14', '15', '16', '17', '18', '19', '20', '21', '22', '23', '24', '25', '26', '27', '28', '29', '30', '31', '32', '33', '34', '35', '36', '37', '38', '39', '40']
2025-08-03 02:16:32,851 |INFO| Edge results saved to JSON: P:\PROJECTS\OMR\Restructure\Images\HSOMR\31072025\Output\BATCH018\options_BATCH018\ed_results.json
2025-08-03 02:16:32,852 |INFO| Edge results saved to CSV: P:\PROJECTS\OMR\Restructure\Images\HSOMR\31072025\Output\BATCH018\options_BATCH018\ed_results.csv
2025-08-03 02:16:32,853 |INFO| Human-readable JSON saved to: P:\PROJECTS\OMR\Restructure\Images\HSOMR\31072025\Output\BATCH018\options_BATCH018\ed_results_human.json
2025-08-03 02:16:32,853 |INFO| Human-readable CSV saved to: P:\PROJECTS\OMR\Restructure\Images\HSOMR\31072025\Output\BATCH018\options_BATCH018\ed_results_human.csv
2025-08-03 02:16:32,853 |INFO| Generating generalized JSON...
2025-08-03 02:16:32,853 |INFO| Generating generalized JSON...
2025-08-03 02:16:32,854 |INFO| Base JSON path: P:\PROJECTS\OMR\Restructure\Images\HSOMR\31072025\Output\BATCH018\BATCH018.json
2025-08-03 02:16:32,885 |INFO| Generalized JSON saved at P:\PROJECTS\OMR\Restructure\Images\HSOMR\31072025\Output\BATCH018\BATCH018.json
2025-08-03 02:16:32,886 |INFO| Drawing marked bounding boxes...
2025-08-03 02:16:32,886 |INFO| Drawing marked bounding boxes on images...
2025-08-03 02:16:32,939 |INFO| Annotated image saved: P:\PROJECTS\OMR\Restructure\Images\HSOMR\31072025\Output\BATCH018\options_BATCH018\Results\BATCH015001.jpg
2025-08-03 02:16:32,968 |INFO| Annotated image saved: P:\PROJECTS\OMR\Restructure\Images\HSOMR\31072025\Output\BATCH018\options_BATCH018\Results\BATCH015002.jpg
2025-08-03 02:16:32,998 |INFO| Annotated image saved: P:\PROJECTS\OMR\Restructure\Images\HSOMR\31072025\Output\BATCH018\options_BATCH018\Results\BATCH015003.jpg
2025-08-03 02:16:32,999 |INFO| Marked options completed: 3 images, 1350 fields
