2025-08-03 02:16:31,888 |INFO| Starting field mapping for batch BATCH018
2025-08-03 02:16:31,888 |INFO| Logs stored at: logs\BATCH018_20250803_021631.log
2025-08-03 02:16:31,889 |INFO| Using annotation file: P:\PROJECTS\OMR\Restructure\Annotations\HSOMR\labels\5b87155d-Batch001003.txt
2025-08-03 02:16:31,889 |INFO| Using annotated image: P:\PROJECTS\OMR\Restructure\Annotations\HSOMR\images\5b87155d-Batch001003.jpg
2025-08-03 02:16:31,889 |INFO| Using classes file: P:\PROJECTS\OMR\Restructure\Annotations\HSOMR\classes.txt
2025-08-03 02:16:31,912 |INFO| Reference dimensions: 1654x2366
2025-08-03 02:16:31,913 |INFO| Loaded 638 classes from P:\PROJECTS\OMR\Restructure\Annotations\HSOMR\classes.txt
2025-08-03 02:16:31,914 |INFO| Loaded annotations from P:\PROJECTS\OMR\Restructure\Annotations\HSOMR\labels\5b87155d-Batch001003.txt
2025-08-03 02:16:31,916 |INFO| Anchor centers loaded from P:\PROJECTS\OMR\Restructure\Images\HSOMR\31072025\Output\BATCH018\anchor_BATCH018\anchor_centers.json
2025-08-03 02:16:31,916 |INFO| Calculated 527 normalized relative offsets from reference anchor_1's center.
2025-08-03 02:16:31,916 |INFO| Starting field mapping for BATCH015001.jpg
2025-08-03 02:16:31,917 |INFO| Processing BATCH015001.jpg for field mapping...
2025-08-03 02:16:31,976 |INFO| Image deskewed to 1654x2366 using perspective transform.
2025-08-03 02:16:32,003 |INFO| Raw deskewed image saved to P:\PROJECTS\OMR\Restructure\Images\HSOMR\31072025\Output\BATCH018\raw_BATCH018\BATCH015001.jpg
2025-08-03 02:16:32,023 |INFO| Mapped image saved to P:\PROJECTS\OMR\Restructure\Images\HSOMR\31072025\Output\BATCH018\annotate_BATCH018\mapped_images\BATCH015001.jpg
2025-08-03 02:16:32,060 |INFO| Cropped field 'Registration Number' saved to P:\PROJECTS\OMR\Restructure\Images\HSOMR\31072025\Output\BATCH018\annotate_BATCH018\ICR\Registration Number\BATCH015001.jpg
2025-08-03 02:16:32,061 |INFO| Cropped field 'Roll Number' saved to P:\PROJECTS\OMR\Restructure\Images\HSOMR\31072025\Output\BATCH018\annotate_BATCH018\ICR\Roll Number\BATCH015001.jpg
2025-08-03 02:16:32,061 |INFO| Cropped field 'Question Booklet Number' saved to P:\PROJECTS\OMR\Restructure\Images\HSOMR\31072025\Output\BATCH018\annotate_BATCH018\ICR\Question Booklet Number\BATCH015001.jpg
2025-08-03 02:16:32,062 |INFO| Finished field mapping for BATCH015001.jpg
2025-08-03 02:16:32,062 |INFO| Starting field mapping for BATCH015002.jpg
2025-08-03 02:16:32,062 |INFO| Processing BATCH015002.jpg for field mapping...
2025-08-03 02:16:32,119 |INFO| Image deskewed to 1654x2366 using perspective transform.
2025-08-03 02:16:32,146 |INFO| Raw deskewed image saved to P:\PROJECTS\OMR\Restructure\Images\HSOMR\31072025\Output\BATCH018\raw_BATCH018\BATCH015002.jpg
2025-08-03 02:16:32,166 |INFO| Mapped image saved to P:\PROJECTS\OMR\Restructure\Images\HSOMR\31072025\Output\BATCH018\annotate_BATCH018\mapped_images\BATCH015002.jpg
2025-08-03 02:16:32,261 |INFO| Cropped field 'Registration Number' saved to P:\PROJECTS\OMR\Restructure\Images\HSOMR\31072025\Output\BATCH018\annotate_BATCH018\ICR\Registration Number\BATCH015002.jpg
2025-08-03 02:16:32,262 |INFO| Cropped field 'Roll Number' saved to P:\PROJECTS\OMR\Restructure\Images\HSOMR\31072025\Output\BATCH018\annotate_BATCH018\ICR\Roll Number\BATCH015002.jpg
2025-08-03 02:16:32,263 |INFO| Cropped field 'Question Booklet Number' saved to P:\PROJECTS\OMR\Restructure\Images\HSOMR\31072025\Output\BATCH018\annotate_BATCH018\ICR\Question Booklet Number\BATCH015002.jpg
2025-08-03 02:16:32,265 |INFO| Finished field mapping for BATCH015002.jpg
2025-08-03 02:16:32,265 |INFO| Starting field mapping for BATCH015003.jpg
2025-08-03 02:16:32,265 |INFO| Processing BATCH015003.jpg for field mapping...
2025-08-03 02:16:32,328 |INFO| Image deskewed to 1654x2366 using perspective transform.
2025-08-03 02:16:32,354 |INFO| Raw deskewed image saved to P:\PROJECTS\OMR\Restructure\Images\HSOMR\31072025\Output\BATCH018\raw_BATCH018\BATCH015003.jpg
2025-08-03 02:16:32,375 |INFO| Mapped image saved to P:\PROJECTS\OMR\Restructure\Images\HSOMR\31072025\Output\BATCH018\annotate_BATCH018\mapped_images\BATCH015003.jpg
2025-08-03 02:16:32,413 |INFO| Cropped field 'Registration Number' saved to P:\PROJECTS\OMR\Restructure\Images\HSOMR\31072025\Output\BATCH018\annotate_BATCH018\ICR\Registration Number\BATCH015003.jpg
2025-08-03 02:16:32,414 |INFO| Cropped field 'Roll Number' saved to P:\PROJECTS\OMR\Restructure\Images\HSOMR\31072025\Output\BATCH018\annotate_BATCH018\ICR\Roll Number\BATCH015003.jpg
2025-08-03 02:16:32,416 |INFO| Cropped field 'Question Booklet Number' saved to P:\PROJECTS\OMR\Restructure\Images\HSOMR\31072025\Output\BATCH018\annotate_BATCH018\ICR\Question Booklet Number\BATCH015003.jpg
2025-08-03 02:16:32,417 |INFO| Finished field mapping for BATCH015003.jpg
2025-08-03 02:16:32,448 |INFO| All field mappings saved to P:\PROJECTS\OMR\Restructure\Images\HSOMR\31072025\Output\BATCH018\annotate_BATCH018\field_mappings.json
2025-08-03 02:16:32,475 |INFO| Updated Generalized JSON saved to: P:\PROJECTS\OMR\Restructure\Images\HSOMR\31072025\Output\BATCH018\BATCH018.json
2025-08-03 02:16:32,531 |INFO| Converted BATCH015001.jpg to pure black & white.
2025-08-03 02:16:32,575 |INFO| Converted BATCH015002.jpg to pure black & white.
2025-08-03 02:16:32,617 |INFO| Converted BATCH015003.jpg to pure black & white.
2025-08-03 02:16:32,618 |INFO| Field mapping completed. Log saved to logs\BATCH018_20250803_021631.log
