2025-08-03 01:10:43,357 - INFO - Using annotation file: P:\PROJECTS\OMR\Restructure\Annotations\HSOMR\labels\5b87155d-Batch001003.txt
2025-08-03 01:10:43,358 - INFO - Using annotated image: P:\PROJECTS\OMR\Restructure\Annotations\HSOMR\images\5b87155d-Batch001003.jpg
2025-08-03 01:10:43,358 - INFO - Using classes file: P:\PROJECTS\OMR\Restructure\Annotations\HSOMR\classes.txt
2025-08-03 01:10:43,381 - INFO - Reference dimensions: 1654x2366
2025-08-03 01:10:43,382 - INFO - Loaded 638 classes from P:\PROJECTS\OMR\Restructure\Annotations\HSOMR\classes.txt
2025-08-03 01:10:43,384 - INFO - Loaded annotations from P:\PROJECTS\OMR\Restructure\Annotations\HSOMR\labels\5b87155d-Batch001003.txt
2025-08-03 01:10:43,386 - INFO - Anchor centers loaded from P:\PROJECTS\OMR\Restructure\Images\HSOMR\31072025\Output\BATCH018\anchor_BATCH018\anchor_centers.json
2025-08-03 01:10:43,388 - INFO - Calculated 527 normalized relative offsets from reference anchor_1's center.
2025-08-03 01:10:43,388 - INFO - Starting field mapping for BATCH015001.jpg
2025-08-03 01:10:43,389 - INFO - Processing BATCH015001.jpg for field mapping...
2025-08-03 01:10:43,452 - INFO - Image deskewed to 1654x2366 using perspective transform.
2025-08-03 01:10:43,481 - INFO - Raw deskewed image saved to P:\PROJECTS\OMR\Restructure\Images\HSOMR\31072025\Output\BATCH018\raw_BATCH018\BATCH015001.jpg
2025-08-03 01:10:43,504 - INFO - Mapped image saved to P:\PROJECTS\OMR\Restructure\Images\HSOMR\31072025\Output\BATCH018\annotate_BATCH018\mapped_images\BATCH015001.jpg
2025-08-03 01:10:43,545 - INFO - Cropped field 'Registration Number' saved to P:\PROJECTS\OMR\Restructure\Images\HSOMR\31072025\Output\BATCH018\annotate_BATCH018\ICR\Registration Number\BATCH015001.jpg
2025-08-03 01:10:43,546 - INFO - Cropped field 'Roll Number' saved to P:\PROJECTS\OMR\Restructure\Images\HSOMR\31072025\Output\BATCH018\annotate_BATCH018\ICR\Roll Number\BATCH015001.jpg
2025-08-03 01:10:43,547 - INFO - Cropped field 'Question Booklet Number' saved to P:\PROJECTS\OMR\Restructure\Images\HSOMR\31072025\Output\BATCH018\annotate_BATCH018\ICR\Question Booklet Number\BATCH015001.jpg
2025-08-03 01:10:43,548 - INFO - Finished field mapping for BATCH015001.jpg
2025-08-03 01:10:43,549 - INFO - Starting field mapping for BATCH015002.jpg
2025-08-03 01:10:43,549 - INFO - Processing BATCH015002.jpg for field mapping...
2025-08-03 01:10:43,611 - INFO - Image deskewed to 1654x2366 using perspective transform.
2025-08-03 01:10:43,642 - INFO - Raw deskewed image saved to P:\PROJECTS\OMR\Restructure\Images\HSOMR\31072025\Output\BATCH018\raw_BATCH018\BATCH015002.jpg
2025-08-03 01:10:43,672 - INFO - Mapped image saved to P:\PROJECTS\OMR\Restructure\Images\HSOMR\31072025\Output\BATCH018\annotate_BATCH018\mapped_images\BATCH015002.jpg
2025-08-03 01:10:43,766 - INFO - Cropped field 'Registration Number' saved to P:\PROJECTS\OMR\Restructure\Images\HSOMR\31072025\Output\BATCH018\annotate_BATCH018\ICR\Registration Number\BATCH015002.jpg
2025-08-03 01:10:43,767 - INFO - Cropped field 'Roll Number' saved to P:\PROJECTS\OMR\Restructure\Images\HSOMR\31072025\Output\BATCH018\annotate_BATCH018\ICR\Roll Number\BATCH015002.jpg
2025-08-03 01:10:43,768 - INFO - Cropped field 'Question Booklet Number' saved to P:\PROJECTS\OMR\Restructure\Images\HSOMR\31072025\Output\BATCH018\annotate_BATCH018\ICR\Question Booklet Number\BATCH015002.jpg
2025-08-03 01:10:43,770 - INFO - Finished field mapping for BATCH015002.jpg
2025-08-03 01:10:43,770 - INFO - Starting field mapping for BATCH015003.jpg
2025-08-03 01:10:43,771 - INFO - Processing BATCH015003.jpg for field mapping...
2025-08-03 01:10:43,833 - INFO - Image deskewed to 1654x2366 using perspective transform.
2025-08-03 01:10:43,862 - INFO - Raw deskewed image saved to P:\PROJECTS\OMR\Restructure\Images\HSOMR\31072025\Output\BATCH018\raw_BATCH018\BATCH015003.jpg
2025-08-03 01:10:43,884 - INFO - Mapped image saved to P:\PROJECTS\OMR\Restructure\Images\HSOMR\31072025\Output\BATCH018\annotate_BATCH018\mapped_images\BATCH015003.jpg
2025-08-03 01:10:43,925 - INFO - Cropped field 'Registration Number' saved to P:\PROJECTS\OMR\Restructure\Images\HSOMR\31072025\Output\BATCH018\annotate_BATCH018\ICR\Registration Number\BATCH015003.jpg
2025-08-03 01:10:43,926 - INFO - Cropped field 'Roll Number' saved to P:\PROJECTS\OMR\Restructure\Images\HSOMR\31072025\Output\BATCH018\annotate_BATCH018\ICR\Roll Number\BATCH015003.jpg
2025-08-03 01:10:43,928 - INFO - Cropped field 'Question Booklet Number' saved to P:\PROJECTS\OMR\Restructure\Images\HSOMR\31072025\Output\BATCH018\annotate_BATCH018\ICR\Question Booklet Number\BATCH015003.jpg
2025-08-03 01:10:43,929 - INFO - Finished field mapping for BATCH015003.jpg
2025-08-03 01:10:43,961 - INFO - All field mappings saved to P:\PROJECTS\OMR\Restructure\Images\HSOMR\31072025\Output\BATCH018\annotate_BATCH018\field_mappings.json
2025-08-03 01:10:43,989 - INFO - Updated Generalised JSON saved to: P:\PROJECTS\OMR\Restructure\Images\HSOMR\31072025\Output\BATCH018\BATCH018.json
2025-08-03 01:10:44,053 - INFO - Converted BATCH015001.jpg to black & white
2025-08-03 01:10:44,101 - INFO - Converted BATCH015002.jpg to black & white
2025-08-03 01:10:44,147 - INFO - Converted BATCH015003.jpg to black & white
